<?xml version="1.0" encoding="UTF-8"?>
<testng-results ignored="0" total="4" passed="3" failed="1" skipped="0">
  <reporter-output>
  </reporter-output>
  <suite started-at="2023-04-17T12:50:49 IST" name="Default suite" finished-at="2023-04-17T12:51:08 IST" duration-ms="18149">
    <groups>
    </groups>
    <test started-at="2023-04-17T12:50:49 IST" name="Default test" finished-at="2023-04-17T12:51:08 IST" duration-ms="18149">
      <class name="testmeapp.tests.OnlineShoppingTest">
        <test-method is-config="true" signature="startReportBeforeTest()[pri:0, instance:testmeapp.tests.OnlineShoppingTest@62150f9e]" started-at="2023-04-17T12:50:49 IST" name="startReportBeforeTest" finished-at="2023-04-17T12:50:53 IST" duration-ms="3126" status="PASS">
          <reporter-output>
          </reporter-output>
        </test-method> <!-- startReportBeforeTest -->
        <test-method signature="testRegistration()[pri:0, instance:testmeapp.tests.OnlineShoppingTest@62150f9e]" started-at="2023-04-17T12:50:53 IST" name="testRegistration" finished-at="2023-04-17T12:50:57 IST" duration-ms="4475" status="PASS">
          <reporter-output>
          </reporter-output>
        </test-method> <!-- testRegistration -->
        <test-method is-config="true" signature="getResultAfterMethod(org.testng.ITestResult)[pri:0, instance:testmeapp.tests.OnlineShoppingTest@62150f9e]" started-at="2023-04-17T12:50:57 IST" name="getResultAfterMethod" finished-at="2023-04-17T12:50:57 IST" duration-ms="3" status="PASS">
          <params>
            <param index="0">
              <value>
                <![CDATA[[TestResult name=testRegistration status=SUCCESS method=OnlineShoppingTest.testRegistration()[pri:0, instance:testmeapp.tests.OnlineShoppingTest@62150f9e] output={null}]]]>
              </value>
            </param>
          </params>
          <reporter-output>
          </reporter-output>
        </test-method> <!-- getResultAfterMethod -->
        <test-method signature="testLogin()[pri:1, instance:testmeapp.tests.OnlineShoppingTest@62150f9e]" started-at="2023-04-17T12:50:57 IST" name="testLogin" finished-at="2023-04-17T12:51:03 IST" duration-ms="6449" status="PASS">
          <reporter-output>
          </reporter-output>
        </test-method> <!-- testLogin -->
        <test-method signature="testCart()[pri:2, instance:testmeapp.tests.OnlineShoppingTest@62150f9e]" started-at="2023-04-17T12:51:03 IST" name="testCart" finished-at="2023-04-17T12:51:04 IST" duration-ms="863" status="PASS">
          <reporter-output>
          </reporter-output>
        </test-method> <!-- testCart -->
        <test-method is-config="true" signature="getResultAfterMethod(org.testng.ITestResult)[pri:0, instance:testmeapp.tests.OnlineShoppingTest@62150f9e]" started-at="2023-04-17T12:51:03 IST" name="getResultAfterMethod" finished-at="2023-04-17T12:51:03 IST" duration-ms="0" status="PASS">
          <params>
            <param index="0">
              <value>
                <![CDATA[[TestResult name=testLogin status=SUCCESS method=OnlineShoppingTest.testLogin()[pri:1, instance:testmeapp.tests.OnlineShoppingTest@62150f9e] output={null}]]]>
              </value>
            </param>
          </params>
          <reporter-output>
          </reporter-output>
        </test-method> <!-- getResultAfterMethod -->
        <test-method is-config="true" signature="getResultAfterMethod(org.testng.ITestResult)[pri:0, instance:testmeapp.tests.OnlineShoppingTest@62150f9e]" started-at="2023-04-17T12:51:04 IST" name="getResultAfterMethod" finished-at="2023-04-17T12:51:04 IST" duration-ms="0" status="PASS">
          <params>
            <param index="0">
              <value>
                <![CDATA[[TestResult name=testCart status=SUCCESS method=OnlineShoppingTest.testCart()[pri:2, instance:testmeapp.tests.OnlineShoppingTest@62150f9e] output={null}]]]>
              </value>
            </param>
          </params>
          <reporter-output>
          </reporter-output>
        </test-method> <!-- getResultAfterMethod -->
        <test-method signature="testPayment()[pri:3, instance:testmeapp.tests.OnlineShoppingTest@62150f9e]" started-at="2023-04-17T12:51:04 IST" name="testPayment" finished-at="2023-04-17T12:51:07 IST" duration-ms="3032" status="FAIL">
          <exception class="org.openqa.selenium.NoSuchElementException">
            <message>
              <![CDATA[no such element: Unable to locate element: {"method":"xpath","selector":"/html/body/div/div/div/div/div[2]/form/div/div/div/div[2]/div[1]/div/label/input"}
  (Session info: chrome=112.0.5615.87)
For documentation on this error, please visit: https://selenium.dev/exceptions/#no_such_element
Build info: version: '4.8.3', revision: 'e5e76298c3'
System info: os.name: 'Windows 10', os.arch: 'amd64', os.version: '10.0', java.version: '18.0.2.1'
Driver info: org.openqa.selenium.chrome.ChromeDriver
Command: [c86576e00afe9546dfb666b9f80ed826, findElement {using=xpath, value=/html/body/div/div/div/div/div[2]/form/div/div/div/div[2]/div[1]/div/label/input}]
Capabilities {acceptInsecureCerts: false, browserName: chrome, browserVersion: 112.0.5615.87, chrome: {chromedriverVersion: 111.0.5563.64 (c710e93d5b63..., userDataDir: C:\Users\ANT-PC\AppData\Loc...}, goog:chromeOptions: {debuggerAddress: localhost:11883}, networkConnectionEnabled: false, pageLoadStrategy: normal, platformName: WINDOWS, proxy: Proxy(), se:cdp: ws://localhost:11883/devtoo..., se:cdpVersion: 112.0.5615.87, setWindowRect: true, strictFileInteractability: false, timeouts: {implicit: 0, pageLoad: 300000, script: 30000}, unhandledPromptBehavior: dismiss and notify, webauthn:extension:credBlob: true, webauthn:extension:largeBlob: true, webauthn:extension:minPinLength: true, webauthn:extension:prf: true, webauthn:virtualAuthenticators: true}
Session ID: c86576e00afe9546dfb666b9f80ed826]]>
            </message>
            <full-stacktrace>
              <![CDATA[org.openqa.selenium.NoSuchElementException: no such element: Unable to locate element: {"method":"xpath","selector":"/html/body/div/div/div/div/div[2]/form/div/div/div/div[2]/div[1]/div/label/input"}
  (Session info: chrome=112.0.5615.87)
For documentation on this error, please visit: https://selenium.dev/exceptions/#no_such_element
Build info: version: '4.8.3', revision: 'e5e76298c3'
System info: os.name: 'Windows 10', os.arch: 'amd64', os.version: '10.0', java.version: '18.0.2.1'
Driver info: org.openqa.selenium.chrome.ChromeDriver
Command: [c86576e00afe9546dfb666b9f80ed826, findElement {using=xpath, value=/html/body/div/div/div/div/div[2]/form/div/div/div/div[2]/div[1]/div/label/input}]
Capabilities {acceptInsecureCerts: false, browserName: chrome, browserVersion: 112.0.5615.87, chrome: {chromedriverVersion: 111.0.5563.64 (c710e93d5b63..., userDataDir: C:\Users\ANT-PC\AppData\Loc...}, goog:chromeOptions: {debuggerAddress: localhost:11883}, networkConnectionEnabled: false, pageLoadStrategy: normal, platformName: WINDOWS, proxy: Proxy(), se:cdp: ws://localhost:11883/devtoo..., se:cdpVersion: 112.0.5615.87, setWindowRect: true, strictFileInteractability: false, timeouts: {implicit: 0, pageLoad: 300000, script: 30000}, unhandledPromptBehavior: dismiss and notify, webauthn:extension:credBlob: true, webauthn:extension:largeBlob: true, webauthn:extension:minPinLength: true, webauthn:extension:prf: true, webauthn:virtualAuthenticators: true}
Session ID: c86576e00afe9546dfb666b9f80ed826
at java.base/jdk.internal.reflect.DirectConstructorHandleAccessor.newInstance(DirectConstructorHandleAccessor.java:67)
at java.base/java.lang.reflect.Constructor.newInstanceWithCaller(Constructor.java:499)
at java.base/java.lang.reflect.Constructor.newInstance(Constructor.java:483)
at org.openqa.selenium.remote.codec.w3c.W3CHttpResponseCodec.createException(W3CHttpResponseCodec.java:200)
at org.openqa.selenium.remote.codec.w3c.W3CHttpResponseCodec.decode(W3CHttpResponseCodec.java:133)
at org.openqa.selenium.remote.codec.w3c.W3CHttpResponseCodec.decode(W3CHttpResponseCodec.java:53)
at org.openqa.selenium.remote.HttpCommandExecutor.execute(HttpCommandExecutor.java:193)
at org.openqa.selenium.remote.service.DriverCommandExecutor.invokeExecute(DriverCommandExecutor.java:183)
at org.openqa.selenium.remote.service.DriverCommandExecutor.execute(DriverCommandExecutor.java:158)
at org.openqa.selenium.remote.RemoteWebDriver.execute(RemoteWebDriver.java:543)
at org.openqa.selenium.remote.ElementLocation$ElementFinder$2.findElement(ElementLocation.java:162)
at org.openqa.selenium.remote.ElementLocation.findElement(ElementLocation.java:60)
at org.openqa.selenium.remote.RemoteWebDriver.findElement(RemoteWebDriver.java:352)
at org.openqa.selenium.remote.RemoteWebDriver.findElement(RemoteWebDriver.java:344)
at testmeapp.tests.OnlineShoppingTest.testPayment(OnlineShoppingTest.java:81)
at java.base/jdk.internal.reflect.DirectMethodHandleAccessor.invoke(DirectMethodHandleAccessor.java:104)
at java.base/java.lang.reflect.Method.invoke(Method.java:577)
at org.testng.internal.MethodInvocationHelper.invokeMethod(MethodInvocationHelper.java:133)
at org.testng.internal.TestInvoker.invokeMethod(TestInvoker.java:598)
at org.testng.internal.TestInvoker.invokeTestMethod(TestInvoker.java:173)
at org.testng.internal.MethodRunner.runInSequence(MethodRunner.java:46)
at org.testng.internal.TestInvoker$MethodInvocationAgent.invoke(TestInvoker.java:824)
at org.testng.internal.TestInvoker.invokeTestMethods(TestInvoker.java:146)
at org.testng.internal.TestMethodWorker.invokeTestMethods(TestMethodWorker.java:146)
at org.testng.internal.TestMethodWorker.run(TestMethodWorker.java:128)
at java.base/java.util.ArrayList.forEach(ArrayList.java:1511)
at org.testng.TestRunner.privateRun(TestRunner.java:794)
at org.testng.TestRunner.run(TestRunner.java:596)
at org.testng.SuiteRunner.runTest(SuiteRunner.java:377)
at org.testng.SuiteRunner.runSequentially(SuiteRunner.java:371)
at org.testng.SuiteRunner.privateRun(SuiteRunner.java:332)
at org.testng.SuiteRunner.run(SuiteRunner.java:276)
at org.testng.SuiteRunnerWorker.runSuite(SuiteRunnerWorker.java:53)
at org.testng.SuiteRunnerWorker.run(SuiteRunnerWorker.java:96)
at org.testng.TestNG.runSuitesSequentially(TestNG.java:1212)
at org.testng.TestNG.runSuitesLocally(TestNG.java:1134)
at org.testng.TestNG.runSuites(TestNG.java:1063)
at org.testng.TestNG.run(TestNG.java:1031)
at org.testng.remote.AbstractRemoteTestNG.run(AbstractRemoteTestNG.java:115)
at org.testng.remote.RemoteTestNG.initAndRun(RemoteTestNG.java:251)
at org.testng.remote.RemoteTestNG.main(RemoteTestNG.java:77)
]]>
            </full-stacktrace>
          </exception> <!-- org.openqa.selenium.NoSuchElementException -->
          <reporter-output>
          </reporter-output>
        </test-method> <!-- testPayment -->
        <test-method is-config="true" signature="getResultAfterMethod(org.testng.ITestResult)[pri:0, instance:testmeapp.tests.OnlineShoppingTest@62150f9e]" started-at="2023-04-17T12:51:07 IST" name="getResultAfterMethod" finished-at="2023-04-17T12:51:07 IST" duration-ms="0" status="PASS">
          <params>
            <param index="0">
              <value>
                <![CDATA[[TestResult name=testPayment status=FAILURE method=OnlineShoppingTest.testPayment()[pri:3, instance:testmeapp.tests.OnlineShoppingTest@62150f9e] output={null}]]]>
              </value>
            </param>
          </params>
          <reporter-output>
          </reporter-output>
        </test-method> <!-- getResultAfterMethod -->
        <test-method is-config="true" signature="endReportAfterTest()[pri:0, instance:testmeapp.tests.OnlineShoppingTest@62150f9e]" started-at="2023-04-17T12:51:07 IST" name="endReportAfterTest" finished-at="2023-04-17T12:51:08 IST" duration-ms="181" status="PASS">
          <reporter-output>
          </reporter-output>
        </test-method> <!-- endReportAfterTest -->
      </class> <!-- testmeapp.tests.OnlineShoppingTest -->
    </test> <!-- Default test -->
  </suite> <!-- Default suite -->
</testng-results>
